0 info it worked if it ends with ok
1 verbose cli [ 'node', '/usr/local/bin/npm', 'run', 'server' ]
2 info using npm@2.7.5
3 info using node@v0.10.25
4 verbose node symlink /usr/bin/node
5 verbose run-script [ 'preserver', 'server', 'postserver' ]
6 info preserver essential-react@0.2.5
7 info server essential-react@0.2.5
8 verbose unsafe-perm in lifecycle true
9 info essential-react@0.2.5 Failed to exec server script
10 verbose stack Error: essential-react@0.2.5 server: `node server.js`
10 verbose stack Exit status 8
10 verbose stack     at EventEmitter.<anonymous> (/usr/local/lib/node_modules/npm/lib/utils/lifecycle.js:213:16)
10 verbose stack     at EventEmitter.emit (events.js:98:17)
10 verbose stack     at ChildProcess.<anonymous> (/usr/local/lib/node_modules/npm/lib/utils/spawn.js:14:12)
10 verbose stack     at ChildProcess.EventEmitter.emit (events.js:98:17)
10 verbose stack     at maybeClose (child_process.js:743:16)
10 verbose stack     at Process.ChildProcess._handle.onexit (child_process.js:810:5)
11 verbose pkgid essential-react@0.2.5
12 verbose cwd /home/synerzip/Desktop/Try_Vedang/cmsreactapp
13 error Linux 3.13.0-63-generic
14 error argv "node" "/usr/local/bin/npm" "run" "server"
15 error node v0.10.25
16 error npm  v2.7.5
17 error code ELIFECYCLE
18 error essential-react@0.2.5 server: `node server.js`
18 error Exit status 8
19 error Failed at the essential-react@0.2.5 server script 'node server.js'.
19 error This is most likely a problem with the essential-react package,
19 error not with npm itself.
19 error Tell the author that this fails on your system:
19 error     node server.js
19 error You can get their info via:
19 error     npm owner ls essential-react
19 error There is likely additional logging output above.
20 verbose exit [ 1, true ]
